Using pre-set license
Built from '2020.3/staging' branch; Version is '2020.3.21f1 (a38c86f6690f) revision 10718342'; Using compiler version '192528614'; Build Type 'Release'
OS: 'Windows 10 Pro; OS build 18362.1082; Version 1903; 64bit' Language: 'en' Physical Memory: 16260 MB
BatchMode: 1, IsHumanControllingUs: 0, StartBugReporterOnCrash: 0, Is64bit: 1, IsPro: 0

COMMAND LINE ARGUMENTS:
C:\Program Files\Unity\Hub\Editor\2020.3.21f1\Editor\Unity.exe
-adb2
-batchMode
-noUpm
-name
AssetImportWorker0
-projectPath
C:/school/unityProjects/MoonLander
-logFile
Logs/AssetImportWorker0.log
-srvPort
1733
Successfully changed project path to: C:/school/unityProjects/MoonLander
C:/school/unityProjects/MoonLander
Using Asset Import Pipeline V2.
Refreshing native plugins compatible for Editor in 43.31 ms, found 3 plugins.
Preloading 0 native plugins for Editor in 0.00 ms.
Initialize engine version: 2020.3.21f1 (a38c86f6690f)
[Subsystems] Discovering subsystems at path C:/Program Files/Unity/Hub/Editor/2020.3.21f1/Editor/Data/Resources/UnitySubsystems
[Subsystems] Discovering subsystems at path C:/school/unityProjects/MoonLander/Assets
GfxDevice: creating device client; threaded=0
Direct3D:
    Version:  Direct3D 11.0 [level 11.1]
    Renderer: Intel(R) UHD Graphics 620 (ID=0x3ea0)
    Vendor:   
    VRAM:     8130 MB
    Driver:   26.20.100.8141
Initialize mono
Mono path[0] = 'C:/Program Files/Unity/Hub/Editor/2020.3.21f1/Editor/Data/Managed'
Mono path[1] = 'C:/Program Files/Unity/Hub/Editor/2020.3.21f1/Editor/Data/MonoBleedingEdge/lib/mono/unityjit'
Mono config path = 'C:/Program Files/Unity/Hub/Editor/2020.3.21f1/Editor/Data/MonoBleedingEdge/etc'
Using monoOptions --debugger-agent=transport=dt_socket,embedding=1,server=y,suspend=n,address=127.0.0.1:56436
Begin MonoManager ReloadAssembly
Registering precompiled unity dll's ...
Register platform support module: C:/Program Files/Unity/Hub/Editor/2020.3.21f1/Editor/Data/PlaybackEngines/WebGLSupport/UnityEditor.WebGL.Extensions.dll
Register platform support module: C:/Program Files/Unity/Hub/Editor/2020.3.21f1/Editor/Data/PlaybackEngines/WindowsStandaloneSupport/UnityEditor.WindowsStandalone.Extensions.dll
Registered in 0.001845 seconds.
Native extension for WindowsStandalone target not found
Native extension for WebGL target not found
Refreshing native plugins compatible for Editor in 53.35 ms, found 3 plugins.
Preloading 0 native plugins for Editor in 0.00 ms.
Mono: successfully reloaded assembly
- Completed reload, in  1.098 seconds
Domain Reload Profiling:
	ReloadAssembly (1098ms)
		BeginReloadAssembly (49ms)
			ExecutionOrderSort (0ms)
			DisableScriptedObjects (0ms)
			BackupInstance (0ms)
			ReleaseScriptingObjects (0ms)
			CreateAndSetChildDomain (1ms)
		EndReloadAssembly (521ms)
			LoadAssemblies (47ms)
			RebuildTransferFunctionScriptingTraits (0ms)
			SetupTypeCache (195ms)
			ReleaseScriptCaches (0ms)
			RebuildScriptCaches (36ms)
			SetupLoadedEditorAssemblies (181ms)
				LogAssemblyErrors (0ms)
				InitializePlatformSupportModulesInManaged (4ms)
				SetLoadedEditorAssemblies (0ms)
				RefreshPlugins (53ms)
				BeforeProcessingInitializeOnLoad (9ms)
				ProcessInitializeOnLoadAttributes (84ms)
				ProcessInitializeOnLoadMethodAttributes (30ms)
				AfterProcessingInitializeOnLoad (0ms)
				EditorAssembliesLoaded (0ms)
			ExecutionOrderSort2 (0ms)
			AwakeInstancesAfterBackupRestoration (0ms)
Platform modules already initialized, skipping
Registering precompiled user dll's ...
Registered in 0.004004 seconds.
Begin MonoManager ReloadAssembly
Native extension for WindowsStandalone target not found
Native extension for WebGL target not found
Refreshing native plugins compatible for Editor in 41.81 ms, found 3 plugins.
Preloading 0 native plugins for Editor in 0.00 ms.
Mono: successfully reloaded assembly
- Completed reload, in  1.107 seconds
Domain Reload Profiling:
	ReloadAssembly (1108ms)
		BeginReloadAssembly (143ms)
			ExecutionOrderSort (0ms)
			DisableScriptedObjects (5ms)
			BackupInstance (0ms)
			ReleaseScriptingObjects (0ms)
			CreateAndSetChildDomain (19ms)
		EndReloadAssembly (905ms)
			LoadAssemblies (85ms)
			RebuildTransferFunctionScriptingTraits (0ms)
			SetupTypeCache (300ms)
			ReleaseScriptCaches (1ms)
			RebuildScriptCaches (46ms)
			SetupLoadedEditorAssemblies (344ms)
				LogAssemblyErrors (0ms)
				InitializePlatformSupportModulesInManaged (5ms)
				SetLoadedEditorAssemblies (0ms)
				RefreshPlugins (42ms)
				BeforeProcessingInitializeOnLoad (65ms)
				ProcessInitializeOnLoadAttributes (205ms)
				ProcessInitializeOnLoadMethodAttributes (19ms)
				AfterProcessingInitializeOnLoad (7ms)
				EditorAssembliesLoaded (0ms)
			ExecutionOrderSort2 (0ms)
			AwakeInstancesAfterBackupRestoration (7ms)
Platform modules already initialized, skipping
========================================================================
Worker process is ready to serve import requests
Launched and connected shader compiler UnityShaderCompiler.exe after 0.07 seconds
Refreshing native plugins compatible for Editor in 0.46 ms, found 3 plugins.
Preloading 0 native plugins for Editor in 0.00 ms.
Unloading 2182 Unused Serialized files (Serialized files now loaded: 0)
System memory in use before: 95.4 MB.
System memory in use after: 95.5 MB.

Unloading 28 unused Assets to reduce memory usage. Loaded Objects now: 2615.
Total: 3.799500 ms (FindLiveObjects: 0.211900 ms CreateObjectMapping: 0.072300 ms MarkObjects: 3.392400 ms  DeleteObjects: 0.122100 ms)

AssetImportParameters requested are different than current active one (requested -> active):
  custom:framework-win-MediaFoundation: 216162199b28c13a410421893ffa2e32 -> 
  custom:video-decoder-ogg-theora: a1e56fd34408186e4bbccfd4996cb3dc -> 
  custom:container-muxer-webm: aa71ff27fc2769a1b78a27578f13a17b -> 
  custom:container-demuxer-webm: 4f35f7cbe854078d1ac9338744f61a02 -> 
  custom:container-demuxer-ogg: 62fdf1f143b41e24485cea50d1cbac27 -> 
  custom:video-encoder-webm-vp8: eb34c28f22e8b96e1ab97ce403110664 -> 
  custom:video-decoder-webm-vp8: 9c59270c3fd7afecdb556c50c9e8de78 -> 
  custom:audio-decoder-ogg-vorbis: bf7c407c2cedff20999df2af8eb42d56 -> 
  custom:audio-encoder-webm-vorbis: bf7c407c2cedff20999df2af8eb42d56 -> 
========================================================================
Received Import Request.
  path: Assets
  artifactKey: Guid(00000000000000001000000000000000) Importer(815301076,1909f56bfc062723c751e8b465ee728b)
Start importing Assets using Guid(00000000000000001000000000000000) Importer(815301076,1909f56bfc062723c751e8b465ee728b)  -> (artifact id: '42d402b061de3733987d63b9cc3b64de') in 0.010451 seconds 
  Import took 0.014209 seconds .

========================================================================
Received Import Request.
  Time since last request: 20.934576 seconds.
  path: Assets/Ressources
  artifactKey: Guid(e3a67e55c0c205541ab6f299f666c93b) Importer(815301076,1909f56bfc062723c751e8b465ee728b)
Start importing Assets/Ressources using Guid(e3a67e55c0c205541ab6f299f666c93b) Importer(815301076,1909f56bfc062723c751e8b465ee728b)  -> (artifact id: 'fc45cadcf212bb2f23dcafdc553e9d53') in 0.009638 seconds 
  Import took 0.015309 seconds .

========================================================================
Received Import Request.
  Time since last request: 241.795305 seconds.
  path: Assets/Ressources/Textures
  artifactKey: Guid(69d9ddfc977f0004f90d28943fab6d27) Importer(815301076,1909f56bfc062723c751e8b465ee728b)
Start importing Assets/Ressources/Textures using Guid(69d9ddfc977f0004f90d28943fab6d27) Importer(815301076,1909f56bfc062723c751e8b465ee728b)  -> (artifact id: '66ac06fccaa03892997295f186ffb021') in 0.013766 seconds 
  Import took 0.019784 seconds .

========================================================================
Received Import Request.
  Time since last request: 679.936700 seconds.
  path: Assets/Ressources/Textures/Sprite-0001_6.png
  artifactKey: Guid(acf8858aa0e4a9e49a306ff0abe2ea18) Importer(815301076,1909f56bfc062723c751e8b465ee728b)
Start importing Assets/Ressources/Textures/Sprite-0001_6.png using Guid(acf8858aa0e4a9e49a306ff0abe2ea18) Importer(815301076,1909f56bfc062723c751e8b465ee728b)  -> (artifact id: '23749003ca38cb04791b6a66d3f9b61f') in 0.088200 seconds 
  Import took 0.093764 seconds .

========================================================================
Received Import Request.
  Time since last request: 15.405897 seconds.
  path: Assets/Ressources/Textures/Sprite-0001_6.png
  artifactKey: Guid(acf8858aa0e4a9e49a306ff0abe2ea18) Importer(815301076,1909f56bfc062723c751e8b465ee728b)
Start importing Assets/Ressources/Textures/Sprite-0001_6.png using Guid(acf8858aa0e4a9e49a306ff0abe2ea18) Importer(815301076,1909f56bfc062723c751e8b465ee728b)  -> (artifact id: '33009556ceece30efd9a85651fddaa1b') in 0.019698 seconds 
  Import took 0.023823 seconds .

========================================================================
Received Import Request.
  Time since last request: 427.489138 seconds.
  path: Assets/Ressources/Textures/Sprite-0001_6.png
  artifactKey: Guid(acf8858aa0e4a9e49a306ff0abe2ea18) Importer(815301076,1909f56bfc062723c751e8b465ee728b)
Start importing Assets/Ressources/Textures/Sprite-0001_6.png using Guid(acf8858aa0e4a9e49a306ff0abe2ea18) Importer(815301076,1909f56bfc062723c751e8b465ee728b)  -> (artifact id: 'fd0dd78cab98667765450e26fafcf8c8') in 0.266916 seconds 
  Import took 0.271470 seconds .

========================================================================
Received Import Request.
  Time since last request: 80.287985 seconds.
  path: Assets/Ressources/Textures/Sprite-0001_6.png
  artifactKey: Guid(acf8858aa0e4a9e49a306ff0abe2ea18) Importer(815301076,1909f56bfc062723c751e8b465ee728b)
Start importing Assets/Ressources/Textures/Sprite-0001_6.png using Guid(acf8858aa0e4a9e49a306ff0abe2ea18) Importer(815301076,1909f56bfc062723c751e8b465ee728b)  -> (artifact id: '0145a22bf93b90c61064b1fd7e72a0b4') in 0.229195 seconds 
  Import took 0.242724 seconds .

========================================================================
Received Import Request.
  Time since last request: 26.782467 seconds.
  path: Assets/Ressources/Textures/RockyTileBackground.png
  artifactKey: Guid(acf8858aa0e4a9e49a306ff0abe2ea18) Importer(815301076,1909f56bfc062723c751e8b465ee728b)
Start importing Assets/Ressources/Textures/RockyTileBackground.png using Guid(acf8858aa0e4a9e49a306ff0abe2ea18) Importer(815301076,1909f56bfc062723c751e8b465ee728b)  -> (artifact id: '3c26c2e5e1b077df8774bb79cb34d89f') in 0.215496 seconds 
  Import took 0.229264 seconds .

========================================================================
Received Import Request.
  Time since last request: 67.425544 seconds.
  path: Assets/Ressources/Textures/Rocket.png
  artifactKey: Guid(46e4aab0fdc1df9488f97e3f442bdb47) Importer(815301076,1909f56bfc062723c751e8b465ee728b)
Start importing Assets/Ressources/Textures/Rocket.png using Guid(46e4aab0fdc1df9488f97e3f442bdb47) Importer(815301076,1909f56bfc062723c751e8b465ee728b)  -> (artifact id: '93f80ef16f444234c4c3c4ce8ede24bd') in 0.019046 seconds 
  Import took 0.024197 seconds .

