Using pre-set license
Built from '2020.3/staging' branch; Version is '2020.3.21f1 (a38c86f6690f) revision 10718342'; Using compiler version '192528614'; Build Type 'Release'
OS: 'Windows 10 Pro; OS build 18362.1082; Version 1903; 64bit' Language: 'en' Physical Memory: 16260 MB
BatchMode: 1, IsHumanControllingUs: 0, StartBugReporterOnCrash: 0, Is64bit: 1, IsPro: 0

COMMAND LINE ARGUMENTS:
C:\Program Files\Unity\Hub\Editor\2020.3.21f1\Editor\Unity.exe
-adb2
-batchMode
-noUpm
-name
AssetImportWorker0
-projectPath
C:/school/unityProjects/MoonLander
-logFile
Logs/AssetImportWorker0.log
-srvPort
20822
Successfully changed project path to: C:/school/unityProjects/MoonLander
C:/school/unityProjects/MoonLander
Using Asset Import Pipeline V2.
Refreshing native plugins compatible for Editor in 44.50 ms, found 3 plugins.
Preloading 0 native plugins for Editor in 0.00 ms.
Initialize engine version: 2020.3.21f1 (a38c86f6690f)
[Subsystems] Discovering subsystems at path C:/Program Files/Unity/Hub/Editor/2020.3.21f1/Editor/Data/Resources/UnitySubsystems
[Subsystems] Discovering subsystems at path C:/school/unityProjects/MoonLander/Assets
GfxDevice: creating device client; threaded=0
Direct3D:
    Version:  Direct3D 11.0 [level 11.1]
    Renderer: Intel(R) UHD Graphics 620 (ID=0x3ea0)
    Vendor:   
    VRAM:     8130 MB
    Driver:   26.20.100.8141
Initialize mono
Mono path[0] = 'C:/Program Files/Unity/Hub/Editor/2020.3.21f1/Editor/Data/Managed'
Mono path[1] = 'C:/Program Files/Unity/Hub/Editor/2020.3.21f1/Editor/Data/MonoBleedingEdge/lib/mono/unityjit'
Mono config path = 'C:/Program Files/Unity/Hub/Editor/2020.3.21f1/Editor/Data/MonoBleedingEdge/etc'
Using monoOptions --debugger-agent=transport=dt_socket,embedding=1,server=y,suspend=n,address=127.0.0.1:56752
Begin MonoManager ReloadAssembly
Registering precompiled unity dll's ...
Register platform support module: C:/Program Files/Unity/Hub/Editor/2020.3.21f1/Editor/Data/PlaybackEngines/WebGLSupport/UnityEditor.WebGL.Extensions.dll
Register platform support module: C:/Program Files/Unity/Hub/Editor/2020.3.21f1/Editor/Data/PlaybackEngines/WindowsStandaloneSupport/UnityEditor.WindowsStandalone.Extensions.dll
Registered in 0.001727 seconds.
Native extension for WindowsStandalone target not found
Native extension for WebGL target not found
Refreshing native plugins compatible for Editor in 46.46 ms, found 3 plugins.
Preloading 0 native plugins for Editor in 0.00 ms.
Mono: successfully reloaded assembly
- Completed reload, in  1.034 seconds
Domain Reload Profiling:
	ReloadAssembly (1034ms)
		BeginReloadAssembly (50ms)
			ExecutionOrderSort (0ms)
			DisableScriptedObjects (0ms)
			BackupInstance (0ms)
			ReleaseScriptingObjects (0ms)
			CreateAndSetChildDomain (1ms)
		EndReloadAssembly (456ms)
			LoadAssemblies (48ms)
			RebuildTransferFunctionScriptingTraits (0ms)
			SetupTypeCache (155ms)
			ReleaseScriptCaches (0ms)
			RebuildScriptCaches (32ms)
			SetupLoadedEditorAssemblies (172ms)
				LogAssemblyErrors (0ms)
				InitializePlatformSupportModulesInManaged (5ms)
				SetLoadedEditorAssemblies (0ms)
				RefreshPlugins (47ms)
				BeforeProcessingInitializeOnLoad (8ms)
				ProcessInitializeOnLoadAttributes (84ms)
				ProcessInitializeOnLoadMethodAttributes (28ms)
				AfterProcessingInitializeOnLoad (0ms)
				EditorAssembliesLoaded (0ms)
			ExecutionOrderSort2 (0ms)
			AwakeInstancesAfterBackupRestoration (0ms)
Platform modules already initialized, skipping
Registering precompiled user dll's ...
Registered in 0.003874 seconds.
Begin MonoManager ReloadAssembly
Native extension for WindowsStandalone target not found
Native extension for WebGL target not found
Refreshing native plugins compatible for Editor in 42.14 ms, found 3 plugins.
Preloading 0 native plugins for Editor in 0.00 ms.
Mono: successfully reloaded assembly
- Completed reload, in  1.107 seconds
Domain Reload Profiling:
	ReloadAssembly (1108ms)
		BeginReloadAssembly (141ms)
			ExecutionOrderSort (0ms)
			DisableScriptedObjects (5ms)
			BackupInstance (0ms)
			ReleaseScriptingObjects (0ms)
			CreateAndSetChildDomain (19ms)
		EndReloadAssembly (905ms)
			LoadAssemblies (89ms)
			RebuildTransferFunctionScriptingTraits (0ms)
			SetupTypeCache (310ms)
			ReleaseScriptCaches (0ms)
			RebuildScriptCaches (46ms)
			SetupLoadedEditorAssemblies (333ms)
				LogAssemblyErrors (0ms)
				InitializePlatformSupportModulesInManaged (5ms)
				SetLoadedEditorAssemblies (0ms)
				RefreshPlugins (42ms)
				BeforeProcessingInitializeOnLoad (64ms)
				ProcessInitializeOnLoadAttributes (201ms)
				ProcessInitializeOnLoadMethodAttributes (16ms)
				AfterProcessingInitializeOnLoad (5ms)
				EditorAssembliesLoaded (0ms)
			ExecutionOrderSort2 (0ms)
			AwakeInstancesAfterBackupRestoration (6ms)
Platform modules already initialized, skipping
========================================================================
Worker process is ready to serve import requests
Launched and connected shader compiler UnityShaderCompiler.exe after 0.06 seconds
Refreshing native plugins compatible for Editor in 0.52 ms, found 3 plugins.
Preloading 0 native plugins for Editor in 0.00 ms.
Unloading 2182 Unused Serialized files (Serialized files now loaded: 0)
System memory in use before: 95.4 MB.
System memory in use after: 95.5 MB.

Unloading 28 unused Assets to reduce memory usage. Loaded Objects now: 2615.
Total: 3.682800 ms (FindLiveObjects: 0.212700 ms CreateObjectMapping: 0.083500 ms MarkObjects: 3.275700 ms  DeleteObjects: 0.109600 ms)

AssetImportParameters requested are different than current active one (requested -> active):
  custom:framework-win-MediaFoundation: 216162199b28c13a410421893ffa2e32 -> 
  custom:video-decoder-ogg-theora: a1e56fd34408186e4bbccfd4996cb3dc -> 
  custom:container-muxer-webm: aa71ff27fc2769a1b78a27578f13a17b -> 
  custom:container-demuxer-webm: 4f35f7cbe854078d1ac9338744f61a02 -> 
  custom:container-demuxer-ogg: 62fdf1f143b41e24485cea50d1cbac27 -> 
  custom:video-encoder-webm-vp8: eb34c28f22e8b96e1ab97ce403110664 -> 
  custom:video-decoder-webm-vp8: 9c59270c3fd7afecdb556c50c9e8de78 -> 
  custom:audio-decoder-ogg-vorbis: bf7c407c2cedff20999df2af8eb42d56 -> 
  custom:audio-encoder-webm-vorbis: bf7c407c2cedff20999df2af8eb42d56 -> 
========================================================================
Received Import Request.
  path: Assets/Ressources/Pallete/RockyPalletes.prefab
  artifactKey: Guid(59e28bf8c6f24db459bf779e14209e4c) Importer(815301076,1909f56bfc062723c751e8b465ee728b)
Start importing Assets/Ressources/Pallete/RockyPalletes.prefab using Guid(59e28bf8c6f24db459bf779e14209e4c) Importer(815301076,1909f56bfc062723c751e8b465ee728b)  -> (artifact id: 'f25acbbad87ff8ce41d96d334886c4ab') in 0.121373 seconds 
  Import took 0.125035 seconds .

========================================================================
Received Import Request.
  Time since last request: 112.010955 seconds.
  path: Assets/Ressources/Tiles/RockyTiles
  artifactKey: Guid(a654ae918f59d7344bc1644e7aa41c5b) Importer(815301076,1909f56bfc062723c751e8b465ee728b)
Start importing Assets/Ressources/Tiles/RockyTiles using Guid(a654ae918f59d7344bc1644e7aa41c5b) Importer(815301076,1909f56bfc062723c751e8b465ee728b)  -> (artifact id: 'ba17e04aa240b41774c6482060e2a212') in 0.016118 seconds 
  Import took 0.020589 seconds .

========================================================================
Received Import Request.
  Time since last request: 0.034588 seconds.
  path: Assets/Ressources/Tiles/RockyTiles/Sprite-0001_6_0.asset
  artifactKey: Guid(ae98155e06a83124e9e7a493496b5b37) Importer(815301076,1909f56bfc062723c751e8b465ee728b)
Start importing Assets/Ressources/Tiles/RockyTiles/Sprite-0001_6_0.asset using Guid(ae98155e06a83124e9e7a493496b5b37) Importer(815301076,1909f56bfc062723c751e8b465ee728b)  -> (artifact id: 'ccae7de1b2935954ffeb2805e8d3f669') in 0.034434 seconds 
  Import took 0.038608 seconds .

========================================================================
Received Import Request.
  Time since last request: 0.000262 seconds.
  path: Assets/Ressources/Tiles/RockyTiles/Sprite-0001_6_5.asset
  artifactKey: Guid(b78aca6d39416cf48869df0ac1eae7e7) Importer(815301076,1909f56bfc062723c751e8b465ee728b)
Start importing Assets/Ressources/Tiles/RockyTiles/Sprite-0001_6_5.asset using Guid(b78aca6d39416cf48869df0ac1eae7e7) Importer(815301076,1909f56bfc062723c751e8b465ee728b)  -> (artifact id: '26fbccd4efadf24caf67d98085575d59') in 0.018837 seconds 
  Import took 0.022237 seconds .

========================================================================
Received Import Request.
  Time since last request: 0.000240 seconds.
  path: Assets/Ressources/Tiles/RockyTiles/Sprite-0001_6_3.asset
  artifactKey: Guid(0c8a19ead09bf5f459657534c6622850) Importer(815301076,1909f56bfc062723c751e8b465ee728b)
Start importing Assets/Ressources/Tiles/RockyTiles/Sprite-0001_6_3.asset using Guid(0c8a19ead09bf5f459657534c6622850) Importer(815301076,1909f56bfc062723c751e8b465ee728b)  -> (artifact id: 'a2266eea21ea8e216f96abd3e35d981b') in 0.017765 seconds 
  Import took 0.021338 seconds .

========================================================================
Received Import Request.
  Time since last request: 0.000267 seconds.
  path: Assets/Ressources/Tiles/RockyTiles/Sprite-0001_6_4.asset
  artifactKey: Guid(5cd327ab500f181479cbf95d5d72168c) Importer(815301076,1909f56bfc062723c751e8b465ee728b)
Start importing Assets/Ressources/Tiles/RockyTiles/Sprite-0001_6_4.asset using Guid(5cd327ab500f181479cbf95d5d72168c) Importer(815301076,1909f56bfc062723c751e8b465ee728b)  -> (artifact id: '97baeb070ade802de0a3a48602976f35') in 0.014658 seconds 
  Import took 0.018441 seconds .

========================================================================
Received Import Request.
  Time since last request: 0.000210 seconds.
  path: Assets/Ressources/Tiles/RockyTiles/Sprite-0001_6_6.asset
  artifactKey: Guid(9a83652df6084b54a81bfa273c529d5c) Importer(815301076,1909f56bfc062723c751e8b465ee728b)
Start importing Assets/Ressources/Tiles/RockyTiles/Sprite-0001_6_6.asset using Guid(9a83652df6084b54a81bfa273c529d5c) Importer(815301076,1909f56bfc062723c751e8b465ee728b)  -> (artifact id: 'fe5ecf0bdfeb64a0283a79411c37339c') in 0.013731 seconds 
  Import took 0.018993 seconds .

========================================================================
Received Import Request.
  Time since last request: 0.000334 seconds.
  path: Assets/Ressources/Tiles/RockyTiles/Sprite-0001_6_2.asset
  artifactKey: Guid(a9e78389fbfa95c4d88b5702adbe5d09) Importer(815301076,1909f56bfc062723c751e8b465ee728b)
Start importing Assets/Ressources/Tiles/RockyTiles/Sprite-0001_6_2.asset using Guid(a9e78389fbfa95c4d88b5702adbe5d09) Importer(815301076,1909f56bfc062723c751e8b465ee728b)  -> (artifact id: '0f6ff54118d580faae61b38272c670ab') in 0.012574 seconds 
  Import took 0.018521 seconds .

========================================================================
Received Import Request.
  Time since last request: 0.000438 seconds.
  path: Assets/Ressources/Tiles/RockyTiles/Sprite-0001_6_10.asset
  artifactKey: Guid(8246b7ed19791664597c912065bc9292) Importer(815301076,1909f56bfc062723c751e8b465ee728b)
Start importing Assets/Ressources/Tiles/RockyTiles/Sprite-0001_6_10.asset using Guid(8246b7ed19791664597c912065bc9292) Importer(815301076,1909f56bfc062723c751e8b465ee728b)  -> (artifact id: 'ba1bafd6ae0077a4cb7b6d91c052f47b') in 0.015812 seconds 
  Import took 0.020291 seconds .

========================================================================
Received Import Request.
  Time since last request: 0.000285 seconds.
  path: Assets/Ressources/Tiles/RockyTiles/Sprite-0001_6_7.asset
  artifactKey: Guid(2107424877f1af4419c7afb6707b8325) Importer(815301076,1909f56bfc062723c751e8b465ee728b)
Start importing Assets/Ressources/Tiles/RockyTiles/Sprite-0001_6_7.asset using Guid(2107424877f1af4419c7afb6707b8325) Importer(815301076,1909f56bfc062723c751e8b465ee728b)  -> (artifact id: 'ba15f986b73937b239cc14aaadc1d6e1') in 0.013304 seconds 
  Import took 0.017504 seconds .

========================================================================
Received Import Request.
  Time since last request: 0.000283 seconds.
  path: Assets/Ressources/Tiles/RockyTiles/Sprite-0001_6_9.asset
  artifactKey: Guid(acf011adddeb9854eaf84ee436b00565) Importer(815301076,1909f56bfc062723c751e8b465ee728b)
Start importing Assets/Ressources/Tiles/RockyTiles/Sprite-0001_6_9.asset using Guid(acf011adddeb9854eaf84ee436b00565) Importer(815301076,1909f56bfc062723c751e8b465ee728b)  -> (artifact id: '4906c785f87c1a383bbc253eb0671d2d') in 0.016185 seconds 
  Import took 0.020922 seconds .

========================================================================
Received Import Request.
  Time since last request: 0.000209 seconds.
  path: Assets/Ressources/Tiles/RockyTiles/Sprite-0001_6_12.asset
  artifactKey: Guid(e280ba3c7be8f5c418ea335abe552a9a) Importer(815301076,1909f56bfc062723c751e8b465ee728b)
Start importing Assets/Ressources/Tiles/RockyTiles/Sprite-0001_6_12.asset using Guid(e280ba3c7be8f5c418ea335abe552a9a) Importer(815301076,1909f56bfc062723c751e8b465ee728b)  -> (artifact id: 'fd7e3f918e5205c45f977f85bab7d4cb') in 0.015132 seconds 
  Import took 0.019265 seconds .

========================================================================
Received Import Request.
  Time since last request: 0.000262 seconds.
  path: Assets/Ressources/Tiles/RockyTiles/Sprite-0001_6_8.asset
  artifactKey: Guid(855c32e9b7057e84783ee94cb26f56ee) Importer(815301076,1909f56bfc062723c751e8b465ee728b)
Start importing Assets/Ressources/Tiles/RockyTiles/Sprite-0001_6_8.asset using Guid(855c32e9b7057e84783ee94cb26f56ee) Importer(815301076,1909f56bfc062723c751e8b465ee728b)  -> (artifact id: '098a62ef172ff73010b9b522e0562e8b') in 0.014399 seconds 
  Import took 0.019569 seconds .

========================================================================
Received Import Request.
  Time since last request: 0.000263 seconds.
  path: Assets/Ressources/Tiles/RockyTiles/Sprite-0001_6_11.asset
  artifactKey: Guid(926d6bf0099b5944ea7c8b6492c30bcc) Importer(815301076,1909f56bfc062723c751e8b465ee728b)
Start importing Assets/Ressources/Tiles/RockyTiles/Sprite-0001_6_11.asset using Guid(926d6bf0099b5944ea7c8b6492c30bcc) Importer(815301076,1909f56bfc062723c751e8b465ee728b)  -> (artifact id: '1773fe0c42025c75bc33ac991042a4f2') in 0.015753 seconds 
  Import took 0.019563 seconds .

========================================================================
Received Import Request.
  Time since last request: 0.000394 seconds.
  path: Assets/Ressources/Tiles/RockyTiles/Sprite-0001_6_1.asset
  artifactKey: Guid(ffde9e888d87c504d8044402e524ba4b) Importer(815301076,1909f56bfc062723c751e8b465ee728b)
Start importing Assets/Ressources/Tiles/RockyTiles/Sprite-0001_6_1.asset using Guid(ffde9e888d87c504d8044402e524ba4b) Importer(815301076,1909f56bfc062723c751e8b465ee728b)  -> (artifact id: 'b0e061452eb3874097c565643940bec1') in 0.014367 seconds 
  Import took 0.018366 seconds .

========================================================================
Received Import Request.
  Time since last request: 0.435319 seconds.
  path: Assets/Ressources/Tiles/RockyTiles/Sprite-0001_6_13.asset
  artifactKey: Guid(5e9c13f8a4cde0e49b8479237dfb69a4) Importer(815301076,1909f56bfc062723c751e8b465ee728b)
Start importing Assets/Ressources/Tiles/RockyTiles/Sprite-0001_6_13.asset using Guid(5e9c13f8a4cde0e49b8479237dfb69a4) Importer(815301076,1909f56bfc062723c751e8b465ee728b)  -> (artifact id: 'bf4d7191c5c08209588f10e7fd940e29') in 0.012417 seconds 
  Import took 0.016275 seconds .

========================================================================
Received Import Request.
  Time since last request: 0.000267 seconds.
  path: Assets/Ressources/Tiles/RockyTiles/Sprite-0001_6_17.asset
  artifactKey: Guid(8b0590d280729d24bb9a3b42460c32c4) Importer(815301076,1909f56bfc062723c751e8b465ee728b)
Start importing Assets/Ressources/Tiles/RockyTiles/Sprite-0001_6_17.asset using Guid(8b0590d280729d24bb9a3b42460c32c4) Importer(815301076,1909f56bfc062723c751e8b465ee728b)  -> (artifact id: 'd5f887b58dd8885c553288c6b81f3412') in 0.012183 seconds 
  Import took 0.016329 seconds .

========================================================================
Received Import Request.
  Time since last request: 0.000302 seconds.
  path: Assets/Ressources/Tiles/RockyTiles/Sprite-0001_6_19.asset
  artifactKey: Guid(519f8dc84f543af4fa151eff9d05dd46) Importer(815301076,1909f56bfc062723c751e8b465ee728b)
Start importing Assets/Ressources/Tiles/RockyTiles/Sprite-0001_6_19.asset using Guid(519f8dc84f543af4fa151eff9d05dd46) Importer(815301076,1909f56bfc062723c751e8b465ee728b)  -> (artifact id: '8b7e973dac8a53fbfccb88ba676dc1ff') in 0.024786 seconds 
  Import took 0.029016 seconds .

========================================================================
Received Import Request.
  Time since last request: 0.000253 seconds.
  path: Assets/Ressources/Tiles/RockyTiles/Sprite-0001_6_14.asset
  artifactKey: Guid(b8d8a0938e4480d408b98f0192b36467) Importer(815301076,1909f56bfc062723c751e8b465ee728b)
Start importing Assets/Ressources/Tiles/RockyTiles/Sprite-0001_6_14.asset using Guid(b8d8a0938e4480d408b98f0192b36467) Importer(815301076,1909f56bfc062723c751e8b465ee728b)  -> (artifact id: '458316062a4c36ee9c38fa6848d47d9e') in 0.013990 seconds 
  Import took 0.018550 seconds .

========================================================================
Received Import Request.
  Time since last request: 0.000276 seconds.
  path: Assets/Ressources/Tiles/RockyTiles/Sprite-0001_6_23.asset
  artifactKey: Guid(0672f7716282aa7498f122d28e02ecee) Importer(815301076,1909f56bfc062723c751e8b465ee728b)
Start importing Assets/Ressources/Tiles/RockyTiles/Sprite-0001_6_23.asset using Guid(0672f7716282aa7498f122d28e02ecee) Importer(815301076,1909f56bfc062723c751e8b465ee728b)  -> (artifact id: '85c9b8bbfd7f6a8a27d9dd5dc80b0f04') in 0.014981 seconds 
  Import took 0.018421 seconds .

========================================================================
Received Import Request.
  Time since last request: 0.000264 seconds.
  path: Assets/Ressources/Tiles/RockyTiles/Sprite-0001_6_20.asset
  artifactKey: Guid(ceba64b899853ca4f9c192edd4f28c06) Importer(815301076,1909f56bfc062723c751e8b465ee728b)
Start importing Assets/Ressources/Tiles/RockyTiles/Sprite-0001_6_20.asset using Guid(ceba64b899853ca4f9c192edd4f28c06) Importer(815301076,1909f56bfc062723c751e8b465ee728b)  -> (artifact id: '7394140cada12339d4df4e4e8d303cfa') in 0.013317 seconds 
  Import took 0.017548 seconds .

========================================================================
Received Import Request.
  Time since last request: 0.000286 seconds.
  path: Assets/Ressources/Tiles/RockyTiles/Sprite-0001_6_25.asset
  artifactKey: Guid(8a3ac6e1773a8d7419632cf51fe0aba1) Importer(815301076,1909f56bfc062723c751e8b465ee728b)
Start importing Assets/Ressources/Tiles/RockyTiles/Sprite-0001_6_25.asset using Guid(8a3ac6e1773a8d7419632cf51fe0aba1) Importer(815301076,1909f56bfc062723c751e8b465ee728b)  -> (artifact id: '4a1b0bbb35a46bd6fd009050e56a1556') in 0.014215 seconds 
  Import took 0.018873 seconds .

========================================================================
Received Import Request.
  Time since last request: 0.000219 seconds.
  path: Assets/Ressources/Tiles/RockyTiles/Sprite-0001_6_27.asset
  artifactKey: Guid(87711b3a0348c20429f0678470fcc352) Importer(815301076,1909f56bfc062723c751e8b465ee728b)
Start importing Assets/Ressources/Tiles/RockyTiles/Sprite-0001_6_27.asset using Guid(87711b3a0348c20429f0678470fcc352) Importer(815301076,1909f56bfc062723c751e8b465ee728b)  -> (artifact id: 'f66c0d1524e68d0cf82d1bad921fedd3') in 0.014396 seconds 
  Import took 0.019268 seconds .

========================================================================
Received Import Request.
  Time since last request: 0.000322 seconds.
  path: Assets/Ressources/Tiles/RockyTiles/Sprite-0001_6_15.asset
  artifactKey: Guid(bdb8d5a6f74228f46a0ba1540b9eca81) Importer(815301076,1909f56bfc062723c751e8b465ee728b)
Start importing Assets/Ressources/Tiles/RockyTiles/Sprite-0001_6_15.asset using Guid(bdb8d5a6f74228f46a0ba1540b9eca81) Importer(815301076,1909f56bfc062723c751e8b465ee728b)  -> (artifact id: '27c36b57c0c8a65fb2389e7f96fd8767') in 0.016895 seconds 
  Import took 0.021920 seconds .

========================================================================
Received Import Request.
  Time since last request: 0.000213 seconds.
  path: Assets/Ressources/Tiles/RockyTiles/Sprite-0001_6_28.asset
  artifactKey: Guid(e04b2ff0846e1a34e80c2fa2a94a7aff) Importer(815301076,1909f56bfc062723c751e8b465ee728b)
Start importing Assets/Ressources/Tiles/RockyTiles/Sprite-0001_6_28.asset using Guid(e04b2ff0846e1a34e80c2fa2a94a7aff) Importer(815301076,1909f56bfc062723c751e8b465ee728b)  -> (artifact id: 'd00a24e2d2bf246b71219d92be3154d5') in 0.017344 seconds 
  Import took 0.021459 seconds .

========================================================================
Received Import Request.
  Time since last request: 0.000289 seconds.
  path: Assets/Ressources/Tiles/RockyTiles/Sprite-0001_6_21.asset
  artifactKey: Guid(f036ff3e8a1f76a4686cb7e40a6bfded) Importer(815301076,1909f56bfc062723c751e8b465ee728b)
Start importing Assets/Ressources/Tiles/RockyTiles/Sprite-0001_6_21.asset using Guid(f036ff3e8a1f76a4686cb7e40a6bfded) Importer(815301076,1909f56bfc062723c751e8b465ee728b)  -> (artifact id: '5647d2e3a2191a51b1d9ff76f84d6fb7') in 0.014341 seconds 
  Import took 0.018549 seconds .

========================================================================
Received Import Request.
  Time since last request: 0.000207 seconds.
  path: Assets/Ressources/Tiles/RockyTiles/Sprite-0001_6_18.asset
  artifactKey: Guid(db91306166b269e4cb3bb323a0a497bc) Importer(815301076,1909f56bfc062723c751e8b465ee728b)
Start importing Assets/Ressources/Tiles/RockyTiles/Sprite-0001_6_18.asset using Guid(db91306166b269e4cb3bb323a0a497bc) Importer(815301076,1909f56bfc062723c751e8b465ee728b)  -> (artifact id: 'c2ebf49b01d5b590c81a938f5bc29e45') in 0.014535 seconds 
  Import took 0.018713 seconds .

========================================================================
Received Import Request.
  Time since last request: 0.000302 seconds.
  path: Assets/Ressources/Tiles/RockyTiles/Sprite-0001_6_30.asset
  artifactKey: Guid(3225377ef4dea564d8d5703192c2ead4) Importer(815301076,1909f56bfc062723c751e8b465ee728b)
Start importing Assets/Ressources/Tiles/RockyTiles/Sprite-0001_6_30.asset using Guid(3225377ef4dea564d8d5703192c2ead4) Importer(815301076,1909f56bfc062723c751e8b465ee728b)  -> (artifact id: '2907772aa28fab5ee153362f1efd2b2c') in 0.014631 seconds 
  Import took 0.019796 seconds .

========================================================================
Received Import Request.
  Time since last request: 0.000210 seconds.
  path: Assets/Ressources/Tiles/RockyTiles/Sprite-0001_6_29.asset
  artifactKey: Guid(b1cc412fcc60d4b459883de5a870e0ba) Importer(815301076,1909f56bfc062723c751e8b465ee728b)
Start importing Assets/Ressources/Tiles/RockyTiles/Sprite-0001_6_29.asset using Guid(b1cc412fcc60d4b459883de5a870e0ba) Importer(815301076,1909f56bfc062723c751e8b465ee728b)  -> (artifact id: '09f7f1b6ab61e548cdc0916865dcfae4') in 0.013456 seconds 
  Import took 0.018596 seconds .

========================================================================
Received Import Request.
  Time since last request: 0.000288 seconds.
  path: Assets/Ressources/Tiles/RockyTiles/Sprite-0001_6_26.asset
  artifactKey: Guid(30c45a27ad46ac24a828522c176d24a2) Importer(815301076,1909f56bfc062723c751e8b465ee728b)
Start importing Assets/Ressources/Tiles/RockyTiles/Sprite-0001_6_26.asset using Guid(30c45a27ad46ac24a828522c176d24a2) Importer(815301076,1909f56bfc062723c751e8b465ee728b)  -> (artifact id: 'ad7707ca87bc582ba1e6ff01acdc1a30') in 0.015771 seconds 
  Import took 0.020064 seconds .

========================================================================
Received Import Request.
  Time since last request: 0.000378 seconds.
  path: Assets/Ressources/Tiles/RockyTiles/Sprite-0001_6_16.asset
  artifactKey: Guid(a7df384d8a055534da80d38643dbf652) Importer(815301076,1909f56bfc062723c751e8b465ee728b)
Start importing Assets/Ressources/Tiles/RockyTiles/Sprite-0001_6_16.asset using Guid(a7df384d8a055534da80d38643dbf652) Importer(815301076,1909f56bfc062723c751e8b465ee728b)  -> (artifact id: '73ec77f400f04806371abc837ddf185a') in 0.014821 seconds 
  Import took 0.019171 seconds .

========================================================================
Received Import Request.
  Time since last request: 0.000265 seconds.
  path: Assets/Ressources/Tiles/RockyTiles/Sprite-0001_6_24.asset
  artifactKey: Guid(e58c4149fa87d3f499748c2ab88e99a9) Importer(815301076,1909f56bfc062723c751e8b465ee728b)
Start importing Assets/Ressources/Tiles/RockyTiles/Sprite-0001_6_24.asset using Guid(e58c4149fa87d3f499748c2ab88e99a9) Importer(815301076,1909f56bfc062723c751e8b465ee728b)  -> (artifact id: 'd58bdc591ca79f49ca98731b9ebbca0d') in 0.015385 seconds 
  Import took 0.019632 seconds .

========================================================================
Received Import Request.
  Time since last request: 0.000238 seconds.
  path: Assets/Ressources/Tiles/RockyTiles/Sprite-0001_6_22.asset
  artifactKey: Guid(f36f2fc34244dee4c8927e5f4b2e3484) Importer(815301076,1909f56bfc062723c751e8b465ee728b)
Start importing Assets/Ressources/Tiles/RockyTiles/Sprite-0001_6_22.asset using Guid(f36f2fc34244dee4c8927e5f4b2e3484) Importer(815301076,1909f56bfc062723c751e8b465ee728b)  -> (artifact id: 'fab2b3c3331546a79ad0b5542789e241') in 0.015166 seconds 
  Import took 0.019468 seconds .

========================================================================
Received Import Request.
  Time since last request: 0.031016 seconds.
  path: Assets/Ressources/Tiles/RockyTiles/Sprite-0001_6_31.asset
  artifactKey: Guid(553e2ae42911e75479772c82ed23da4c) Importer(815301076,1909f56bfc062723c751e8b465ee728b)
Start importing Assets/Ressources/Tiles/RockyTiles/Sprite-0001_6_31.asset using Guid(553e2ae42911e75479772c82ed23da4c) Importer(815301076,1909f56bfc062723c751e8b465ee728b)  -> (artifact id: '5f6fc58ab15aafda929a0cd06cab0cd6') in 0.010559 seconds 
  Import took 0.014249 seconds .

========================================================================
Received Import Request.
  Time since last request: 0.000173 seconds.
  path: Assets/Ressources/Tiles/RockyTiles/Sprite-0001_6_32.asset
  artifactKey: Guid(10b2e093c45a8f448a6b716151189f25) Importer(815301076,1909f56bfc062723c751e8b465ee728b)
Start importing Assets/Ressources/Tiles/RockyTiles/Sprite-0001_6_32.asset using Guid(10b2e093c45a8f448a6b716151189f25) Importer(815301076,1909f56bfc062723c751e8b465ee728b)  -> (artifact id: '6b86c926e143901eb8bb57f72d6854e3') in 0.016412 seconds 
  Import took 0.020338 seconds .

========================================================================
Received Import Request.
  Time since last request: 0.000314 seconds.
  path: Assets/Ressources/Tiles/RockyTiles/Sprite-0001_6_33.asset
  artifactKey: Guid(fab7276e8a9ec1a4e87094f1509e0540) Importer(815301076,1909f56bfc062723c751e8b465ee728b)
Start importing Assets/Ressources/Tiles/RockyTiles/Sprite-0001_6_33.asset using Guid(fab7276e8a9ec1a4e87094f1509e0540) Importer(815301076,1909f56bfc062723c751e8b465ee728b)  -> (artifact id: '84d88c0ed4b9255f57413315eca9fb41') in 0.016391 seconds 
  Import took 0.021702 seconds .

========================================================================
Received Import Request.
  Time since last request: 0.007930 seconds.
  path: Assets/Ressources/Tiles/RockyTiles/Sprite-0001_6_34.asset
  artifactKey: Guid(9f6f5e6ebe2c66648aba2a3055909cc9) Importer(815301076,1909f56bfc062723c751e8b465ee728b)
Start importing Assets/Ressources/Tiles/RockyTiles/Sprite-0001_6_34.asset using Guid(9f6f5e6ebe2c66648aba2a3055909cc9) Importer(815301076,1909f56bfc062723c751e8b465ee728b)  -> (artifact id: '1ae8c71fa8fa7de06bc997a59e95028c') in 0.015171 seconds 
  Import took 0.019530 seconds .

========================================================================
Received Import Request.
  Time since last request: 0.000287 seconds.
  path: Assets/Ressources/Tiles/RockyTiles/Sprite-0001_6_35.asset
  artifactKey: Guid(cbbdf418a6158c3458f94242b6f63243) Importer(815301076,1909f56bfc062723c751e8b465ee728b)
Start importing Assets/Ressources/Tiles/RockyTiles/Sprite-0001_6_35.asset using Guid(cbbdf418a6158c3458f94242b6f63243) Importer(815301076,1909f56bfc062723c751e8b465ee728b)  -> (artifact id: 'bc7825840a1d2ac6a033fb60d03e8177') in 0.016573 seconds 
  Import took 0.021660 seconds .

========================================================================
Received Import Request.
  Time since last request: 0.000218 seconds.
  path: Assets/Ressources/Tiles/RockyTiles/Sprite-0001_6_36.asset
  artifactKey: Guid(aeb8dd1337e5d27449f407c82d2305fa) Importer(815301076,1909f56bfc062723c751e8b465ee728b)
Start importing Assets/Ressources/Tiles/RockyTiles/Sprite-0001_6_36.asset using Guid(aeb8dd1337e5d27449f407c82d2305fa) Importer(815301076,1909f56bfc062723c751e8b465ee728b)  -> (artifact id: '07c46eecd92db6f518e98546cc93c17d') in 0.014644 seconds 
  Import took 0.019563 seconds .

========================================================================
Received Import Request.
  Time since last request: 0.000203 seconds.
  path: Assets/Ressources/Tiles/RockyTiles/Sprite-0001_6_38.asset
  artifactKey: Guid(6ac6fa0b5c6378e499c5e61a9e5489ea) Importer(815301076,1909f56bfc062723c751e8b465ee728b)
Start importing Assets/Ressources/Tiles/RockyTiles/Sprite-0001_6_38.asset using Guid(6ac6fa0b5c6378e499c5e61a9e5489ea) Importer(815301076,1909f56bfc062723c751e8b465ee728b)  -> (artifact id: '987d4b0edd689381c994e17ad82d29f6') in 0.013514 seconds 
  Import took 0.018817 seconds .

========================================================================
Received Import Request.
  Time since last request: 0.000269 seconds.
  path: Assets/Ressources/Tiles/RockyTiles/Sprite-0001_6_46.asset
  artifactKey: Guid(a1491e0552c888f43a3dfb731724bada) Importer(815301076,1909f56bfc062723c751e8b465ee728b)
Start importing Assets/Ressources/Tiles/RockyTiles/Sprite-0001_6_46.asset using Guid(a1491e0552c888f43a3dfb731724bada) Importer(815301076,1909f56bfc062723c751e8b465ee728b)  -> (artifact id: '9434bfc639763bf3edd5c6061905f5ff') in 0.017018 seconds 
  Import took 0.022709 seconds .

========================================================================
Received Import Request.
  Time since last request: 0.000306 seconds.
  path: Assets/Ressources/Tiles/RockyTiles/Sprite-0001_6_54.asset
  artifactKey: Guid(810ea6d320e11934bbd7ce62867a97c5) Importer(815301076,1909f56bfc062723c751e8b465ee728b)
Start importing Assets/Ressources/Tiles/RockyTiles/Sprite-0001_6_54.asset using Guid(810ea6d320e11934bbd7ce62867a97c5) Importer(815301076,1909f56bfc062723c751e8b465ee728b)  -> (artifact id: '1d3ee0e7de40f71b977c3ef90448a933') in 0.018497 seconds 
  Import took 0.023947 seconds .

========================================================================
Received Import Request.
  Time since last request: 0.000273 seconds.
  path: Assets/Ressources/Tiles/RockyTiles/Sprite-0001_6_52.asset
  artifactKey: Guid(791a8003752ec52428551fa84ebf56aa) Importer(815301076,1909f56bfc062723c751e8b465ee728b)
Start importing Assets/Ressources/Tiles/RockyTiles/Sprite-0001_6_52.asset using Guid(791a8003752ec52428551fa84ebf56aa) Importer(815301076,1909f56bfc062723c751e8b465ee728b)  -> (artifact id: 'b1150ebf96733b60e3f90b742d4db950') in 0.015752 seconds 
  Import took 0.020740 seconds .

========================================================================
Received Import Request.
  Time since last request: 0.000284 seconds.
  path: Assets/Ressources/Tiles/RockyTiles/Sprite-0001_6_49.asset
  artifactKey: Guid(a8059424edb174347a122ca24a9a9cd8) Importer(815301076,1909f56bfc062723c751e8b465ee728b)
Start importing Assets/Ressources/Tiles/RockyTiles/Sprite-0001_6_49.asset using Guid(a8059424edb174347a122ca24a9a9cd8) Importer(815301076,1909f56bfc062723c751e8b465ee728b)  -> (artifact id: 'c83ff5ebc335cace6acd6774e6ffd6b1') in 0.013822 seconds 
  Import took 0.018035 seconds .

========================================================================
Received Import Request.
  Time since last request: 0.000189 seconds.
  path: Assets/Ressources/Tiles/RockyTiles/Sprite-0001_6_41.asset
  artifactKey: Guid(79e685cbd031e3347b887fb49c243194) Importer(815301076,1909f56bfc062723c751e8b465ee728b)
Start importing Assets/Ressources/Tiles/RockyTiles/Sprite-0001_6_41.asset using Guid(79e685cbd031e3347b887fb49c243194) Importer(815301076,1909f56bfc062723c751e8b465ee728b)  -> (artifact id: '2d1daf3b9962dcd2d67606b08681f2ea') in 0.014694 seconds 
  Import took 0.019184 seconds .

========================================================================
Received Import Request.
  Time since last request: 0.000643 seconds.
  path: Assets/Ressources/Tiles/RockyTiles/Sprite-0001_6_42.asset
  artifactKey: Guid(cfecd626a3079f74eada294ef22cc65a) Importer(815301076,1909f56bfc062723c751e8b465ee728b)
Start importing Assets/Ressources/Tiles/RockyTiles/Sprite-0001_6_42.asset using Guid(cfecd626a3079f74eada294ef22cc65a) Importer(815301076,1909f56bfc062723c751e8b465ee728b)  -> (artifact id: 'd0298db02c1a42de77ac32fa98251477') in 0.016498 seconds 
  Import took 0.020210 seconds .

========================================================================
Received Import Request.
  Time since last request: 0.000198 seconds.
  path: Assets/Ressources/Tiles/RockyTiles/Sprite-0001_6_37.asset
  artifactKey: Guid(bcd32beddf9bd7c489975e4ae5e39a20) Importer(815301076,1909f56bfc062723c751e8b465ee728b)
Start importing Assets/Ressources/Tiles/RockyTiles/Sprite-0001_6_37.asset using Guid(bcd32beddf9bd7c489975e4ae5e39a20) Importer(815301076,1909f56bfc062723c751e8b465ee728b)  -> (artifact id: 'aca7f5c1742bb5c85a34e1776a966272') in 0.014200 seconds 
  Import took 0.018933 seconds .

========================================================================
Received Import Request.
  Time since last request: 0.000183 seconds.
  path: Assets/Ressources/Tiles/RockyTiles/Sprite-0001_6_45.asset
  artifactKey: Guid(7dc03e59db6d17e4ab32dccd9fe9f595) Importer(815301076,1909f56bfc062723c751e8b465ee728b)
Start importing Assets/Ressources/Tiles/RockyTiles/Sprite-0001_6_45.asset using Guid(7dc03e59db6d17e4ab32dccd9fe9f595) Importer(815301076,1909f56bfc062723c751e8b465ee728b)  -> (artifact id: 'a6d8f3ee5c675d67820f1497e67917fa') in 0.016033 seconds 
  Import took 0.020144 seconds .

========================================================================
Received Import Request.
  Time since last request: 0.000207 seconds.
  path: Assets/Ressources/Tiles/RockyTiles/Sprite-0001_6_43.asset
  artifactKey: Guid(b5b6af11eb0890f4e8efeeaf3e13b04a) Importer(815301076,1909f56bfc062723c751e8b465ee728b)
Start importing Assets/Ressources/Tiles/RockyTiles/Sprite-0001_6_43.asset using Guid(b5b6af11eb0890f4e8efeeaf3e13b04a) Importer(815301076,1909f56bfc062723c751e8b465ee728b)  -> (artifact id: '4f34f9ecdbf6e9f074d6c20f78ff5b04') in 0.014724 seconds 
  Import took 0.018409 seconds .

========================================================================
Received Import Request.
  Time since last request: 0.000197 seconds.
  path: Assets/Ressources/Tiles/RockyTiles/Sprite-0001_6_47.asset
  artifactKey: Guid(0b4869802a27dfa4a8e32cc77856439f) Importer(815301076,1909f56bfc062723c751e8b465ee728b)
Start importing Assets/Ressources/Tiles/RockyTiles/Sprite-0001_6_47.asset using Guid(0b4869802a27dfa4a8e32cc77856439f) Importer(815301076,1909f56bfc062723c751e8b465ee728b)  -> (artifact id: '308218f5d91a55e2bbf43069437c4ed9') in 0.013721 seconds 
  Import took 0.018027 seconds .

========================================================================
Received Import Request.
  Time since last request: 0.000255 seconds.
  path: Assets/Ressources/Tiles/RockyTiles/Sprite-0001_6_53.asset
  artifactKey: Guid(a1f954adeb67bac49ae6147a876ed6e0) Importer(815301076,1909f56bfc062723c751e8b465ee728b)
Start importing Assets/Ressources/Tiles/RockyTiles/Sprite-0001_6_53.asset using Guid(a1f954adeb67bac49ae6147a876ed6e0) Importer(815301076,1909f56bfc062723c751e8b465ee728b)  -> (artifact id: '741e9174253516830eaf195b0e3421a5') in 0.013809 seconds 
  Import took 0.018187 seconds .

========================================================================
Received Import Request.
  Time since last request: 0.000267 seconds.
  path: Assets/Ressources/Tiles/RockyTiles/Sprite-0001_6_39.asset
  artifactKey: Guid(3ac500358a297d047a3fddb55947c1ce) Importer(815301076,1909f56bfc062723c751e8b465ee728b)
Start importing Assets/Ressources/Tiles/RockyTiles/Sprite-0001_6_39.asset using Guid(3ac500358a297d047a3fddb55947c1ce) Importer(815301076,1909f56bfc062723c751e8b465ee728b)  -> (artifact id: '139232a59e38419242f414fcdf336313') in 0.012201 seconds 
  Import took 0.017109 seconds .

========================================================================
Received Import Request.
  Time since last request: 0.000201 seconds.
  path: Assets/Ressources/Tiles/RockyTiles/Sprite-0001_6_44.asset
  artifactKey: Guid(0ed2505a3d62931499b16c3d416c9fce) Importer(815301076,1909f56bfc062723c751e8b465ee728b)
Start importing Assets/Ressources/Tiles/RockyTiles/Sprite-0001_6_44.asset using Guid(0ed2505a3d62931499b16c3d416c9fce) Importer(815301076,1909f56bfc062723c751e8b465ee728b)  -> (artifact id: 'e735d1d6d1bcc8aeaddf9283b6f67882') in 0.013307 seconds 
  Import took 0.018378 seconds .

========================================================================
Received Import Request.
  Time since last request: 0.000165 seconds.
  path: Assets/Ressources/Tiles/RockyTiles/Sprite-0001_6_55.asset
  artifactKey: Guid(12b6915ddbea11641a1fcb9af2f13776) Importer(815301076,1909f56bfc062723c751e8b465ee728b)
Start importing Assets/Ressources/Tiles/RockyTiles/Sprite-0001_6_55.asset using Guid(12b6915ddbea11641a1fcb9af2f13776) Importer(815301076,1909f56bfc062723c751e8b465ee728b)  -> (artifact id: '3bb975bf34130d932af8e21684f218ee') in 0.012196 seconds 
  Import took 0.016491 seconds .

========================================================================
Received Import Request.
  Time since last request: 0.000274 seconds.
  path: Assets/Ressources/Tiles/RockyTiles/Sprite-0001_6_57.asset
  artifactKey: Guid(dfff9b9ff83960643812f9f192f95bb9) Importer(815301076,1909f56bfc062723c751e8b465ee728b)
Start importing Assets/Ressources/Tiles/RockyTiles/Sprite-0001_6_57.asset using Guid(dfff9b9ff83960643812f9f192f95bb9) Importer(815301076,1909f56bfc062723c751e8b465ee728b)  -> (artifact id: '9058275797b514c75371973d298f9379') in 0.013194 seconds 
  Import took 0.017617 seconds .

========================================================================
Received Import Request.
  Time since last request: 0.000202 seconds.
  path: Assets/Ressources/Tiles/RockyTiles/Sprite-0001_6_60.asset
  artifactKey: Guid(c4db40a973efe6c4d9d6ac50067e4b3a) Importer(815301076,1909f56bfc062723c751e8b465ee728b)
Start importing Assets/Ressources/Tiles/RockyTiles/Sprite-0001_6_60.asset using Guid(c4db40a973efe6c4d9d6ac50067e4b3a) Importer(815301076,1909f56bfc062723c751e8b465ee728b)  -> (artifact id: '2f780dc0b18d13d501204234f3436a01') in 0.013632 seconds 
  Import took 0.017908 seconds .

========================================================================
Received Import Request.
  Time since last request: 0.000184 seconds.
  path: Assets/Ressources/Tiles/RockyTiles/Sprite-0001_6_59.asset
  artifactKey: Guid(8fe81e8f4c1d4ff43823beaf113b1551) Importer(815301076,1909f56bfc062723c751e8b465ee728b)
Start importing Assets/Ressources/Tiles/RockyTiles/Sprite-0001_6_59.asset using Guid(8fe81e8f4c1d4ff43823beaf113b1551) Importer(815301076,1909f56bfc062723c751e8b465ee728b)  -> (artifact id: '1c9afd8f40de6619a3939085af059ef9') in 0.011974 seconds 
  Import took 0.015515 seconds .

========================================================================
Received Import Request.
  Time since last request: 0.000255 seconds.
  path: Assets/Ressources/Tiles/RockyTiles/Sprite-0001_6_58.asset
  artifactKey: Guid(959f229e4f5da2742b11948f58bee61c) Importer(815301076,1909f56bfc062723c751e8b465ee728b)
Start importing Assets/Ressources/Tiles/RockyTiles/Sprite-0001_6_58.asset using Guid(959f229e4f5da2742b11948f58bee61c) Importer(815301076,1909f56bfc062723c751e8b465ee728b)  -> (artifact id: 'a6c1b2346f7987238889aecc73aa397e') in 0.015539 seconds 
  Import took 0.019642 seconds .

========================================================================
Received Import Request.
  Time since last request: 0.000260 seconds.
  path: Assets/Ressources/Tiles/RockyTiles/Sprite-0001_6_61.asset
  artifactKey: Guid(4398f1c3b2cfb8546adcda1a1f68d331) Importer(815301076,1909f56bfc062723c751e8b465ee728b)
Start importing Assets/Ressources/Tiles/RockyTiles/Sprite-0001_6_61.asset using Guid(4398f1c3b2cfb8546adcda1a1f68d331) Importer(815301076,1909f56bfc062723c751e8b465ee728b)  -> (artifact id: 'a6ce1d28cb90e3bdbee0b4fade8104eb') in 0.015839 seconds 
  Import took 0.019370 seconds .

========================================================================
Received Import Request.
  Time since last request: 0.000374 seconds.
  path: Assets/Ressources/Tiles/RockyTiles/Sprite-0001_6_51.asset
  artifactKey: Guid(9f833e2c866dcb948b7c54feff745177) Importer(815301076,1909f56bfc062723c751e8b465ee728b)
Start importing Assets/Ressources/Tiles/RockyTiles/Sprite-0001_6_51.asset using Guid(9f833e2c866dcb948b7c54feff745177) Importer(815301076,1909f56bfc062723c751e8b465ee728b)  -> (artifact id: '5de88559d8b35df533298c7af5dae1fb') in 0.014127 seconds 
  Import took 0.018417 seconds .

========================================================================
Received Import Request.
  Time since last request: 0.000274 seconds.
  path: Assets/Ressources/Tiles/RockyTiles/Sprite-0001_6_40.asset
  artifactKey: Guid(a8d739a67d855d2439d76ced959ca256) Importer(815301076,1909f56bfc062723c751e8b465ee728b)
Start importing Assets/Ressources/Tiles/RockyTiles/Sprite-0001_6_40.asset using Guid(a8d739a67d855d2439d76ced959ca256) Importer(815301076,1909f56bfc062723c751e8b465ee728b)  -> (artifact id: 'e2e20ac2f3b39aacfacb0068c3a91eab') in 0.012780 seconds 
  Import took 0.016857 seconds .

========================================================================
Received Import Request.
  Time since last request: 0.000316 seconds.
  path: Assets/Ressources/Tiles/RockyTiles/Sprite-0001_6_56.asset
  artifactKey: Guid(fc6e7698bcf008344b1577cfb64fab5a) Importer(815301076,1909f56bfc062723c751e8b465ee728b)
Start importing Assets/Ressources/Tiles/RockyTiles/Sprite-0001_6_56.asset using Guid(fc6e7698bcf008344b1577cfb64fab5a) Importer(815301076,1909f56bfc062723c751e8b465ee728b)  -> (artifact id: 'f1d67316e10e7916fa585c391b69e0c5') in 0.014155 seconds 
  Import took 0.019037 seconds .

========================================================================
Received Import Request.
  Time since last request: 0.000662 seconds.
  path: Assets/Ressources/Tiles/RockyTiles/Sprite-0001_6_48.asset
  artifactKey: Guid(4a595898acba290409533cc5cab03f5e) Importer(815301076,1909f56bfc062723c751e8b465ee728b)
Start importing Assets/Ressources/Tiles/RockyTiles/Sprite-0001_6_48.asset using Guid(4a595898acba290409533cc5cab03f5e) Importer(815301076,1909f56bfc062723c751e8b465ee728b)  -> (artifact id: 'cece9f9a7c86c0dd7f0d7016cb11fbf3') in 0.013846 seconds 
  Import took 0.018394 seconds .

========================================================================
Received Import Request.
  Time since last request: 0.000187 seconds.
  path: Assets/Ressources/Tiles/RockyTiles/Sprite-0001_6_50.asset
  artifactKey: Guid(ed9ecc9a6b2d78a4180f40c74292b28e) Importer(815301076,1909f56bfc062723c751e8b465ee728b)
Start importing Assets/Ressources/Tiles/RockyTiles/Sprite-0001_6_50.asset using Guid(ed9ecc9a6b2d78a4180f40c74292b28e) Importer(815301076,1909f56bfc062723c751e8b465ee728b)  -> (artifact id: '3294c1f91b8672f3478ccd3bc4ba85b6') in 0.014066 seconds 
  Import took 0.018224 seconds .

========================================================================
Received Import Request.
  Time since last request: 1596.244650 seconds.
  path: ProjectSettings/TagManager.asset
  artifactKey: Guid(00000000000000003000000000000000) Importer(815301076,1909f56bfc062723c751e8b465ee728b)
Start importing ProjectSettings/TagManager.asset using Guid(00000000000000003000000000000000) Importer(815301076,1909f56bfc062723c751e8b465ee728b)  -> (artifact id: '95df672b4aaba54310d34c83eef51bb8') in 0.015642 seconds 
  Import took 0.019912 seconds .

========================================================================
Received Import Request.
  Time since last request: 960.152396 seconds.
  path: ProjectSettings/TagManager.asset
  artifactKey: Guid(00000000000000003000000000000000) Importer(815301076,1909f56bfc062723c751e8b465ee728b)
Start importing ProjectSettings/TagManager.asset using Guid(00000000000000003000000000000000) Importer(815301076,1909f56bfc062723c751e8b465ee728b)  -> (artifact id: '8dc37e12433f928da9569636b45752cd') in 0.004283 seconds 
  Import took 0.010145 seconds .

AssetImportWorkerClient::OnTransportError - code=2 error=End of file
